==========================================
SLURM_JOB_ID = 923188
SLURM_NODELIST = gnode076
SLURM_JOB_GPUS = 
==========================================
en
0 Darkness Visible (memoir)
1 Verbal Behavior
Timed out object!
2 Airbus A320 family
Timed out object!
3 Rockwell B-1 Lancer
4 Messerschmitt Bf 108 Taifun
Timed out object!
5 Soyuz (spacecraft)
Timed out object!
6 Flakpanzer Gepard
7 Canberra
8 Uplengen
9 U2 (Berlin U-Bahn)
10 Bhaktapur
11 São Paulo
12 Bombing of Dresden in World War II
13 Toronto
14 St. Nicholas Church, Potsdam
Timed out object!
15 Poverty Point
16 Buried Pyramid
17 Watkin's Tower
18 Rötteln Castle
Timed out object!
19 City Church of Bremgarten
20 St. Leonhard, Frankfurt
21 Reichstag building
Timed out object!
22 Church of the Redeemer, Sacrow
23 Minardi
24 France national football team
25 VfB Stuttgart
Timed out object!
26 San Jose Sharks
27 Switzerland national football team
Timed out object!
28 Australia national soccer team
29 Arsenal F.C.
Timed out object!
30 Stade de Reims
Timed out object!
31 Apollo 1
32 Munir Bashir
33 STS-117
34 Hilde Zimmermann
35 Theodosius
Timed out object!
36 Herman Moll
37 Lewis Carroll
Timed out object!
38 Everything Tastes Better with Bacon
39 Boeing 747
40 Saab JAS 39 Gripen
41 McDonnell Douglas F-4 Phantom II in Australian service
42 Lockheed XF-104 Starfighter
43 Airbus A330
Timed out object!
44 Republic F-84 Thunderjet
Timed out object!
45 Paris
Timed out object!
46 Goiânia
47 Pará de Minas
48 Hortolândia
Timed out object!
49 Malta, Paraíba
50 Garanhuns
Timed out object!
51 History of Botafogo de Futebol e Regatas
52 Thomas Baker (aviator)
Timed out object!
53 Charles Messier
54 Frank Headlam
55 Charles Darwin
56 Lawrence Wetherby
Timed out object!
pt
0 Boeing 747
1 McDonnell Douglas F-4 Phantom II in Australian service
Timed out object!
2 North American X-15
3 Republic F-84 Thunderjet
Timed out object!
4 Paris
5 São Paulo
6 Parnamirim
Timed out object!
7 Campos Novos
Timed out object!
8 New York City
9 Pará de Minas
Timed out object!
10 Timóteo
11 São José dos Campos
Timed out object!
12 Garanhuns
13 History of Botafogo de Futebol e Regatas
14 Hans-Joachim Marseille
15 Frank Headlam
Timed out object!
16 Grand Duchess Maria Nikolaevna of Russia
Timed out object!
17 Jimmy Kudo
18 Pope John XXIII
Timed out object!
de
0 The Devil to Pay in the Backlands
Timed out object!
1 Transall C-160
2 Airbus A320 family
3 Soyuz (spacecraft)
4 Canberra
Timed out object!
5 Uplengen
6 Kleinmachnow
7 São Paulo
Timed out object!
8 Memmingen
Timed out object!
9 Wetzlar
10 Bombing of Dresden in World War II
Timed out object!
11 Norden, Lower Saxony
Timed out object!
12 Toronto
13 Schwieberdingen
14 Fribourg
Timed out object!
15 Hattusa
16 St. Nicholas Church, Potsdam
17 Buried Pyramid
18 St. Leonhard, Frankfurt
19 Church of the Redeemer, Sacrow
20 Minardi
21 France national football team
Timed out object!
22 VfB Stuttgart
23 Blue Angels
24 Switzerland national football team
Timed out object!
25 FC Hansa Rostock
Timed out object!
26 FLN football team
27 Andrea Moda Formula
Timed out object!
28 Stade de Reims
Timed out object!
29 Apollo 8
30 Hilde Zimmermann
31 Fridtjof Nansen
32 Clara Schumann
Timed out object!
33 Herman Moll
Timed out object!
34 Siger of Brabant
Timed out object!
en
0 Verbal Behavior
1 Airbus A320 family
Timed out object!
2 Messerschmitt Bf 108 Taifun
Timed out object!
3 Soyuz (spacecraft)
4 St. Nicholas Church, Potsdam
5 Rötteln Castle
6 Reichstag building
Timed out object!
7 VfB Stuttgart
8 Switzerland national football team
9 Arsenal F.C.
Timed out object!
10 Stade de Reims
Timed out object!
11 Theodosius
12 Lewis Carroll
13 Airbus A330
14 Republic F-84 Thunderjet
Timed out object!
15 Paris
Timed out object!
16 Hortolândia
Timed out object!
17 Garanhuns
18 Thomas Baker (aviator)
Timed out object!
19 Lawrence Wetherby
pt
0 McDonnell Douglas F-4 Phantom II in Australian service
1 Republic F-84 Thunderjet
Timed out object!
2 Parnamirim
Timed out object!
3 Campos Novos
4 Pará de Minas
5 São José dos Campos
6 Frank Headlam
7 Grand Duchess Maria Nikolaevna of Russia
8 Pope John XXIII
Timed out object!
de
0 The Devil to Pay in the Backlands
1 Canberra
2 São Paulo
3 Memmingen
Timed out object!
4 Bombing of Dresden in World War II
5 Norden, Lower Saxony
Timed out object!
6 Fribourg
Timed out object!
7 France national football team
Timed out object!
8 Switzerland national football team
Timed out object!
9 FC Hansa Rostock
10 Andrea Moda Formula
Timed out object!
11 Stade de Reims
Timed out object!
12 Clara Schumann
Timed out object!
13 Herman Moll
Timed out object!
14 Siger of Brabant
en
0 Airbus A320 family
Timed out object!
1 Messerschmitt Bf 108 Taifun
Timed out object!
2 Reichstag building
3 Arsenal F.C.
4 Stade de Reims
Timed out object!
5 Republic F-84 Thunderjet
6 Paris
Timed out object!
7 Hortolândia
Timed out object!
8 Thomas Baker (aviator)
pt
0 Republic F-84 Thunderjet
1 Parnamirim
Timed out object!
2 Pope John XXIII
de
0 Memmingen
Timed out object!
1 Norden, Lower Saxony
2 Fribourg
3 France national football team
Timed out object!
4 Switzerland national football team
Timed out object!
5 Andrea Moda Formula
Timed out object!
6 Stade de Reims
Timed out object!
7 Clara Schumann
8 Herman Moll
