==========================================
SLURM_JOB_ID = 922950
SLURM_NODELIST = gnode027
SLURM_JOB_GPUS = 
==========================================
en
0 Darkness Visible (memoir)
1 Verbal Behavior
2 The Devil to Pay in the Backlands
3 Parmenides (dialogue)
Timed out object!
4 Crito
5 Plato's unwritten doctrines
Timed out object!
6 Airbus A350
7 Airbus A320 family
8 Transall C-160
9 Boeing KC-135 Stratotanker
Timed out object!
10 Bradley Fighting Vehicle
Timed out object!
11 Rockwell B-1 Lancer
12 Messerschmitt Bf 108 Taifun
13 Boeing B-52 Stratofortress
14 Landing Vehicle Tracked
15 Boeing 737
Timed out object!
16 Soyuz (spacecraft)
Timed out object!
17 Flakpanzer Gepard
18 Dassault Rafale
Timed out object!
19 Canberra
Timed out object!
20 Uplengen
21 Beetzsee (municipality)
Timed out object!
22 U2 (Berlin U-Bahn)
23 Kleinmachnow
24 Bhaktapur
Timed out object!
25 Südbrookmerland
Timed out object!
26 São Paulo
27 Moormerland
28 Memmingen
29 Wetzlar
Timed out object!
30 Bombing of Dresden in World War II
31 Norden, Lower Saxony
Timed out object!
32 Toronto
33 Schwieberdingen
34 Eberswalde
35 Freiburg im Breisgau
Timed out object!
36 Fortifications of Frankfurt
37 Leipzig
38 Hattusa
Timed out object!
39 Limes Germanicus
40 St. Nicholas Church, Potsdam
Timed out object!
41 Poverty Point
42 Altes Stadthaus, Berlin
43 Federal Palace of Switzerland
44 The Whale House
45 Buried Pyramid
46 Sophienkirche
Timed out object!
47 Salzhaus
48 Watkin's Tower
49 Rötteln Castle
Timed out object!
50 City Church of Bremgarten
51 Nietzsche Archive
Timed out object!
52 St. Catherine's Church, Frankfurt
53 St. Leonhard, Frankfurt
54 Saint Cyriakus, Gernrode
55 Reichstag building
Timed out object!
56 Church of the Redeemer, Sacrow
57 Goetheanum
58 Minardi
59 France national football team
Timed out object!
60 VfB Stuttgart
Timed out object!
61 San Jose Sharks
Timed out object!
62 New Zealand national rugby union team
63 Arminia Bielefeld
64 Switzerland national football team
Timed out object!
65 FC Hansa Rostock
Timed out object!
66 Australia national soccer team
67 FLN football team
68 Andrea Moda Formula
69 France women's national football team
Timed out object!
70 Kassel Huskies
71 Arsenal F.C.
Timed out object!
72 Stade de Reims
73 Walter Benjamin
Timed out object!
74 Apollo 1
75 Munir Bashir
76 Henry the Fowler
77 STS-117
78 Hilde Zimmermann
Timed out object!
79 Fridtjof Nansen
Timed out object!
80 Clara Schumann
81 Theodosius
82 Herman Moll
Timed out object!
83 Angus Campbell (psychologist)
84 Siger of Brabant
Timed out object!
85 Lewis Carroll
Timed out object!
86 Richard Foerster (classical scholar)
87 Margaret of Valois
Timed out object!
88 Sebastian Sailer
Timed out object!
89 A Vindication of the Rights of Woman
90 A Vindication of the Rights of Men
91 Everything Tastes Better with Bacon
92 Boeing 747
93 Saab JAS 39 Gripen
94 September 11 attacks
95 McDonnell Douglas F-4 Phantom II in Australian service
Timed out object!
96 Japanese aircraft carrier Akagi
97 Lockheed XF-104 Starfighter
Timed out object!
98 Airbus A330
Timed out object!
99 McDonnell XF-85 Goblin
100 USS Ranger (CV-4)
Timed out object!
101 Republic F-84 Thunderjet
102 Paris
103 Goiânia
104 Parnamirim
105 São Mateus, Espírito Santo
Timed out object!
106 Montes Claros
Timed out object!
107 Campos Novos
108 Mossoró
Timed out object!
109 Pará de Minas
110 Agnaldo Timóteo
111 Fundão, Espírito Santo
112 Hortolândia
113 São José dos Campos
Timed out object!
114 Malta, Paraíba
Timed out object!
115 Governador Valadares, Minas Gerais
116 Garanhuns
117 Pennsylvania Station (1910–1963)
118 History of Botafogo de Futebol e Regatas
119 Manchester United F.C. 9–0 Ipswich Town F.C.
120 SS Drottningholm
121 Alberto Henschel
Timed out object!
122 Jean-Auguste-Dominique Ingres
123 Hans-Joachim Marseille
124 Thomas Baker (aviator)
125 Charles Messier
126 Frank Headlam
Timed out object!
127 Grand Duchess Maria Nikolaevna of Russia
128 Albert, Prince Consort
129 Jimmy Kudo
Timed out object!
130 Princess Louise, Duchess of Argyll
131 Victoria, Princess Royal
132 Attila
Timed out object!
133 Fairfax Harrison
134 Apollo 11
135 Gregory of Nazianzus
136 Charles Darwin
137 Lawrence Wetherby
138 Edward VII
139 Theodoric Strabo
pt
0 A Vindication of the Rights of Woman
Timed out object!
1 A Vindication of the Rights of Men
Timed out object!
2 Everything Tastes Better with Bacon
3 Boeing 747
4 Boeing 777
5 Airbus A380
Timed out object!
6 Saab JAS 39 Gripen
7 September 11 attacks
Timed out object!
8 McDonnell Douglas F-4 Phantom II in Australian service
Timed out object!
9 Japanese aircraft carrier Akagi
Timed out object!
10 North American X-15
Timed out object!
11 Lockheed XF-104 Starfighter
Timed out object!
12 Boeing B-52 Stratofortress
13 Airbus A350
14 McDonnell XF-85 Goblin
15 USS Ranger (CV-4)
Timed out object!
16 Republic F-84 Thunderjet
17 Paris
Timed out object!
18 Goiânia
Timed out object!
19 São Paulo
20 Parnamirim
Timed out object!
21 São Mateus, Espírito Santo
Timed out object!
22 Montes Claros
23 Campos Novos
24 New York City
Timed out object!
25 Mossoró
26 Pará de Minas
Timed out object!
27 Timóteo
28 Fundão, Espírito Santo
29 Hortolândia
Timed out object!
30 São José dos Campos
Timed out object!
31 Malta, Paraíba
Timed out object!
32 Governador Valadares, Minas Gerais
Timed out object!
33 Garanhuns
34 Pennsylvania Station (1910–1963)
35 History of Botafogo de Futebol e Regatas
36 Manchester United F.C. 9–0 Ipswich Town F.C.
37 SS Drottningholm
38 Alberto Henschel
Timed out object!
39 Jean-Auguste-Dominique Ingres
Timed out object!
40 Hans-Joachim Marseille
41 Thomas Baker (aviator)
42 Charles Messier
43 Frank Headlam
44 Grand Duchess Maria Nikolaevna of Russia
45 Albert, Prince Consort
46 Jimmy Kudo
47 Princess Louise, Duchess of Argyll
Timed out object!
48 Adolf Hitler
49 Victoria, Princess Royal
Timed out object!
50 Pope John XXIII
51 Attila
52 Fairfax Harrison
53 Apollo 13
54 Gregory of Nazianzus
55 Albert Speer
56 Brad Pitt
Timed out object!
57 Charles Darwin
58 Lawrence Wetherby
Timed out object!
59 Edward VIII
60 Theodoric Strabo
Timed out object!
de
0 Phaedrus (dialogue)
1 Darkness Visible (memoir)
Timed out object!
2 Verbal Behavior
3 The Devil to Pay in the Backlands
Timed out object!
4 Parmenides (dialogue)
Timed out object!
5 Crito
6 Plato's unwritten doctrines
Timed out object!
7 Leopard 2
Timed out object!
8 Transall C-160
9 Bradley Fighting Vehicle
Timed out object!
10 Rockwell B-1 Lancer
11 Landing Vehicle Tracked
Timed out object!
12 Airbus A320 family
13 Boeing 747
14 Soyuz (spacecraft)
Timed out object!
15 Flakpanzer Gepard
Timed out object!
16 Dassault Rafale
17 Canberra
18 Uplengen
Timed out object!
19 Beetzsee (municipality)
20 U2 (Berlin U-Bahn)
21 Kleinmachnow
Timed out object!
22 Bhaktapur
23 Südbrookmerland
24 São Paulo
25 Moormerland
Timed out object!
26 Memmingen
27 Wetzlar
28 Bombing of Dresden in World War II
29 Norden, Lower Saxony
30 Toronto
31 Schwieberdingen
32 Eberswalde
33 Fribourg
34 Fortifications of Frankfurt
35 Leipzig
36 Hattusa
37 St. Nicholas Church, Potsdam
Timed out object!
38 Poverty Point
Timed out object!
39 Altes Stadthaus, Berlin
40 Federal Palace of Switzerland
41 The Whale House
Timed out object!
42 Buried Pyramid
Timed out object!
43 Sophienkirche
44 Salzhaus
Timed out object!
45 Watkin's Tower
Timed out object!
46 Rötteln Castle
47 City Church of Bremgarten
Timed out object!
48 Nietzsche Archive
49 St. Catherine's Church, Frankfurt
50 St. Leonhard, Frankfurt
51 Palace of Westminster
Timed out object!
52 Saint Cyriakus, Gernrode
53 Reichstag building
54 Church of the Redeemer, Sacrow
55 Goetheanum
Timed out object!
56 Minardi
57 France national football team
58 VfB Stuttgart
Timed out object!
59 Blue Angels
60 San Jose Sharks
61 Arminia Bielefeld
Timed out object!
62 Switzerland national football team
Timed out object!
63 FC Hansa Rostock
Timed out object!
64 Austria national football team
65 FLN football team
66 Andrea Moda Formula
67 France women's national football team
Timed out object!
68 Kassel Huskies
69 Arsenal F.C.
70 Stade de Reims
Timed out object!
71 Walter Benjamin
72 Apollo 8
73 Munir Bashir
Timed out object!
74 Philo of Larissa
Timed out object!
75 Henry the Fowler
Timed out object!
76 Hilde Zimmermann
77 Fridtjof Nansen
78 Clara Schumann
79 Theodosius I
Timed out object!
80 Herman Moll
Timed out object!
81 Cyrus the Great
Timed out object!
82 Angus Campbell (psychologist)
83 Siger of Brabant
Timed out object!
84 Lewis Carroll
Timed out object!
85 Richard Foerster (classical scholar)
86 Margaret of Valois
87 Sebastian Sailer
Timed out object!
en
0 Parmenides (dialogue)
Timed out object!
1 Plato's unwritten doctrines
2 Boeing KC-135 Stratotanker
3 Bradley Fighting Vehicle
Timed out object!
4 Boeing 737
Timed out object!
5 Soyuz (spacecraft)
Timed out object!
6 Dassault Rafale
7 Canberra
8 Beetzsee (municipality)
Timed out object!
9 Bhaktapur
Timed out object!
10 Südbrookmerland
11 Wetzlar
12 Norden, Lower Saxony
13 Freiburg im Breisgau
14 Hattusa
Timed out object!
15 St. Nicholas Church, Potsdam
16 Sophienkirche
17 Rötteln Castle
18 Nietzsche Archive
19 Reichstag building
20 France national football team
Timed out object!
21 VfB Stuttgart
Timed out object!
22 San Jose Sharks
23 Switzerland national football team
24 FC Hansa Rostock
25 France women's national football team
26 Arsenal F.C.
27 Walter Benjamin
28 Hilde Zimmermann
Timed out object!
29 Fridtjof Nansen
30 Herman Moll
31 Siger of Brabant
32 Lewis Carroll
33 Margaret of Valois
34 Sebastian Sailer
35 McDonnell Douglas F-4 Phantom II in Australian service
36 Lockheed XF-104 Starfighter
37 Airbus A330
Timed out object!
38 USS Ranger (CV-4)
Timed out object!
39 São Mateus, Espírito Santo
40 Montes Claros
Timed out object!
41 Mossoró
42 São José dos Campos
43 Malta, Paraíba
Timed out object!
44 Alberto Henschel
Timed out object!
45 Frank Headlam
46 Jimmy Kudo
47 Attila
pt
0 A Vindication of the Rights of Woman
Timed out object!
1 A Vindication of the Rights of Men
Timed out object!
2 Airbus A380
3 September 11 attacks
4 McDonnell Douglas F-4 Phantom II in Australian service
Timed out object!
5 Japanese aircraft carrier Akagi
Timed out object!
6 North American X-15
7 Lockheed XF-104 Starfighter
Timed out object!
8 USS Ranger (CV-4)
9 Paris
Timed out object!
10 Goiânia
Timed out object!
11 Parnamirim
12 São Mateus, Espírito Santo
13 New York City
14 Pará de Minas
Timed out object!
15 Hortolândia
16 São José dos Campos
17 Malta, Paraíba
18 Governador Valadares, Minas Gerais
Timed out object!
19 Alberto Henschel
Timed out object!
20 Jean-Auguste-Dominique Ingres
21 Princess Louise, Duchess of Argyll
22 Victoria, Princess Royal
23 Brad Pitt
Timed out object!
24 Lawrence Wetherby
Timed out object!
25 Theodoric Strabo
de
0 Darkness Visible (memoir)
1 The Devil to Pay in the Backlands
2 Parmenides (dialogue)
3 Plato's unwritten doctrines
Timed out object!
4 Leopard 2
5 Bradley Fighting Vehicle
Timed out object!
6 Landing Vehicle Tracked
7 Soyuz (spacecraft)
8 Flakpanzer Gepard
Timed out object!
9 Uplengen
Timed out object!
10 Kleinmachnow
Timed out object!
11 Moormerland
12 St. Nicholas Church, Potsdam
13 Poverty Point
Timed out object!
14 The Whale House
Timed out object!
15 Buried Pyramid
Timed out object!
16 Salzhaus
Timed out object!
17 Watkin's Tower
18 City Church of Bremgarten
19 Palace of Westminster
20 Goetheanum
21 VfB Stuttgart
22 Arminia Bielefeld
23 Switzerland national football team
Timed out object!
24 FC Hansa Rostock
25 France women's national football team
26 Stade de Reims
27 Munir Bashir
28 Philo of Larissa
29 Henry the Fowler
30 Theodosius I
31 Herman Moll
Timed out object!
32 Cyrus the Great
Timed out object!
33 Siger of Brabant
34 Lewis Carroll
Timed out object!
35 Sebastian Sailer
Timed out object!
en
0 Parmenides (dialogue)
1 Bradley Fighting Vehicle
Timed out object!
2 Boeing 737
Timed out object!
3 Soyuz (spacecraft)
Timed out object!
4 Beetzsee (municipality)
5 Bhaktapur
6 Hattusa
Timed out object!
7 France national football team
Timed out object!
8 VfB Stuttgart
Timed out object!
9 Hilde Zimmermann
10 Airbus A330
Timed out object!
11 USS Ranger (CV-4)
12 Montes Claros
Timed out object!
13 Malta, Paraíba
14 Alberto Henschel
pt
0 A Vindication of the Rights of Woman
1 A Vindication of the Rights of Men
2 McDonnell Douglas F-4 Phantom II in Australian service
3 Japanese aircraft carrier Akagi
4 Lockheed XF-104 Starfighter
5 Paris
Timed out object!
6 Goiânia
7 Pará de Minas
8 Governador Valadares, Minas Gerais
9 Alberto Henschel
10 Brad Pitt
Timed out object!
11 Lawrence Wetherby
de
0 Plato's unwritten doctrines
1 Bradley Fighting Vehicle
Timed out object!
2 Flakpanzer Gepard
3 Uplengen
4 Kleinmachnow
5 Poverty Point
6 The Whale House
7 Buried Pyramid
8 Salzhaus
9 Switzerland national football team
10 Herman Moll
Timed out object!
11 Cyrus the Great
12 Lewis Carroll
13 Sebastian Sailer
