==========================================
SLURM_JOB_ID = 923785
SLURM_NODELIST = gnode067
SLURM_JOB_GPUS = 0,1
==========================================
/home2/aditya_hari/miniconda3/envs/textbox/lib/python3.8/site-packages/sklearn/feature_extraction/text.py:528: UserWarning: The parameter 'token_pattern' will not be used since 'tokenizer' is not None'
  warnings.warn(
pt Fairfax Harrison
pt Pará de Minas
pt Jean-Auguste-Dominique Ingres
pt Attila
pt Charles Messier
pt Pennsylvania Station (1910–1963)
pt Apollo 13
pt SS Drottningholm
pt USS Ranger (CV-4)
pt Pope John XXIII
pt North American X-15
pt Mossoró
pt Lawrence Wetherby
pt Edward VIII
pt Garanhuns
pt Boeing B-52 Stratofortress
pt Hortolândia
pt São José dos Campos
pt Malta, Paraíba
pt A Vindication of the Rights of Woman
pt Republic F-84 Thunderjet
pt Brad Pitt
pt Saab JAS 39 Gripen
pt Montes Claros
pt Paris
pt Adolf Hitler
pt Thomas Baker (aviator)
pt São Mateus, Espírito Santo
pt Everything Tastes Better with Bacon
pt Airbus A380
pt Princess Louise, Duchess of Argyll
pt September 11 attacks
pt Boeing 777
pt Fundão, Espírito Santo
pt Goiânia
pt Boeing 747
pt Victoria, Princess Royal
pt Governador Valadares, Minas Gerais
pt Hans-Joachim Marseille
pt Campos Novos
pt New York City
pt Japanese aircraft carrier Akagi
pt Manchester United F.C. 9–0 Ipswich Town F.C.
pt Gregory of Nazianzus
pt Lockheed XF-104 Starfighter
pt Parnamirim
pt Albert Speer
pt A Vindication of the Rights of Men
pt McDonnell Douglas F-4 Phantom II in Australian service
pt Timóteo
de São Paulo
de Church of the Redeemer, Sacrow
de Margaret of Valois
de Palace of Westminster
de Südbrookmerland
de France national football team
de Arminia Bielefeld
de Fribourg
de Munir Bashir
de The Devil to Pay in the Backlands
de Leopard 2
de Bhaktapur
de Theodosius I
de Toronto
de Saint Cyriakus, Gernrode
de Beetzsee (municipality)
de U2 (Berlin U-Bahn)
de Plato's unwritten doctrines
de Apollo 8
de Poverty Point
de Eberswalde
de Angus Campbell (psychologist)
de Henry the Fowler
de Austria national football team
de St. Leonhard, Frankfurt
de Verbal Behavior
de Switzerland national football team
de Buried Pyramid
de Landing Vehicle Tracked
de Canberra
de Flakpanzer Gepard
de Kassel Huskies
de St. Catherine's Church, Frankfurt
de Philo of Larissa
de Hattusa
de Uplengen
de Soyuz (spacecraft)
de VfB Stuttgart
de Federal Palace of Switzerland
de FLN football team
de Salzhaus
de Blue Angels
de Transall C-160
de Hilde Zimmermann
de Rockwell B-1 Lancer
de Moormerland
de Cyrus the Great
de Watkin's Tower
de Andrea Moda Formula
de Clara Schumann
